Build started 5/5/2013 12:16:08 AM.
     1>Project "E:\RegUser\Utilities\Dropbox\ScratchWork\VisualStudio\WinKeys\WinKeys\WinKeys.vcxproj" on node 2 (Build target(s)).
     1>ClCompile:
         E:\DevTools\IDE\VisualStudio\VC\bin\CL.exe /c /Zi /nologo /W3 /WX- /sdl /O2 /Oi /Oy- /GL /D WIN32 /D NDEBUG /D _CONSOLE /D _UNICODE /D UNICODE /Gm- /EHsc /MD /GS /Gy /fp:precise /Zc:wchar_t /Zc:forScope /Yc"stdafx.h" /Fp"Release\WinKeys.pch" /Fo"Release\\" /Fd"Release\vc110.pdb" /Gd /TP /analyze- /errorReport:prompt stdafx.cpp
         stdafx.cpp
         E:\DevTools\IDE\VisualStudio\VC\bin\CL.exe /c /Zi /nologo /W3 /WX- /sdl /O2 /Oi /Oy- /GL /D WIN32 /D NDEBUG /D _CONSOLE /D _UNICODE /D UNICODE /Gm- /EHsc /MD /GS /Gy /fp:precise /Zc:wchar_t /Zc:forScope /Yu"stdafx.h" /Fp"Release\WinKeys.pch" /Fo"Release\\" /Fd"Release\vc110.pdb" /Gd /TP /analyze- /errorReport:prompt HotkeyManager.cpp WindowGroup.cpp WinKeys.cpp
         HotkeyManager.cpp
         WindowGroup.cpp
         WinKeys.cpp
       Link:
         E:\DevTools\IDE\VisualStudio\VC\bin\link.exe /ERRORREPORT:PROMPT /OUT:"E:\RegUser\Utilities\Dropbox\ScratchWork\VisualStudio\WinKeys\Release\WinKeys.exe" /INCREMENTAL:NO /NOLOGO kernel32.lib user32.lib gdi32.lib winspool.lib comdlg32.lib advapi32.lib shell32.lib ole32.lib oleaut32.lib uuid.lib odbc32.lib odbccp32.lib /MANIFEST /MANIFESTUAC:"level='asInvoker' uiAccess='false'" /manifest:embed /DEBUG /PDB:"E:\RegUser\Utilities\Dropbox\ScratchWork\VisualStudio\WinKeys\Release\WinKeys.pdb" /SUBSYSTEM:CONSOLE /OPT:REF /OPT:ICF /LTCG /TLBID:1 /DYNAMICBASE /NXCOMPAT /IMPLIB:"E:\RegUser\Utilities\Dropbox\ScratchWork\VisualStudio\WinKeys\Release\WinKeys.lib" /MACHINE:X86 /SAFESEH Release\HotkeyManager.obj
         Release\stdafx.obj
         Release\WindowGroup.obj
         Release\WinKeys.obj
         Generating code
         Finished generating code
         WinKeys.vcxproj -> E:\RegUser\Utilities\Dropbox\ScratchWork\VisualStudio\WinKeys\Release\WinKeys.exe
     1>Done Building Project "E:\RegUser\Utilities\Dropbox\ScratchWork\VisualStudio\WinKeys\WinKeys\WinKeys.vcxproj" (Build target(s)).

Build succeeded.

Time Elapsed 00:00:01.73
